<?xml version="1.0" encoding="UTF-8"?>
<!-- Generated by org.testng.reporters.JUnitReportReporter -->
<testsuite hostname="DESKTOP-R0GNJAC" failures="0" tests="1" name="com.rest.api.authentication.AuthApis" time="5.028" errors="0" timestamp="19 Oct 2021 16:38:17 GMT" skipped="0">
  <testcase classname="com.rest.api.authentication.AuthApis" name="basic_auth_Form_API_Test" time="5.028"/>
</testsuite> <!-- com.rest.api.authentication.AuthApis -->
