<?xml version="1.0" encoding="UTF-8"?>
<!-- Generated by org.testng.reporters.JUnitReportReporter -->
<testsuite hostname="DESKTOP-R0GNJAC" failures="0" tests="5" name="com.rest.api.get.GETBDDAPI" time="5.379" errors="0" timestamp="04 Oct 2021 18:28:48 GMT" skipped="2">
  <testcase classname="com.rest.api.get.GETBDDAPI" name="numberOfCircuitYearTest" time="0.506"/>
  <testcase classname="com.rest.api.get.GETBDDAPI" name="numberOfCircuitYearTest" time="0.610"/>
  <testcase classname="com.rest.api.get.GETBDDAPI" name="numberOfCircuitYearTest" time="4.263"/>
  <testcase classname="com.rest.api.get.GETBDDAPI" name="getAPITes_001">
    <skipped/>
  </testcase> <!-- getAPITes_001 -->
  <testcase classname="com.rest.api.get.GETBDDAPI" name="getAPITes_002">
    <skipped/>
  </testcase> <!-- getAPITes_002 -->
</testsuite> <!-- com.rest.api.get.GETBDDAPI -->
