<?xml version="1.0" encoding="UTF-8"?>
<!-- Generated by org.testng.reporters.JUnitReportReporter -->
<testsuite hostname="DESKTOP-R0GNJAC" failures="0" tests="4" name="com.rest.api.authentication.AuthApis" time="3.039" errors="0" timestamp="11 Aug 2021 16:14:38 GMT" skipped="3">
  <testcase classname="com.rest.api.authentication.AuthApis" name="OAuth_API_WithTwoQueryParams_API_Test" time="3.039"/>
  <testcase classname="com.rest.api.authentication.AuthApis" name="OAuth2_API_Test">
    <skipped/>
  </testcase> <!-- OAuth2_API_Test -->
  <testcase classname="com.rest.api.authentication.AuthApis" name="basic_auth_API_Test">
    <skipped/>
  </testcase> <!-- basic_auth_API_Test -->
  <testcase classname="com.rest.api.authentication.AuthApis" name="OAuth_API_Test_With_AuthHeader">
    <skipped/>
  </testcase> <!-- OAuth_API_Test_With_AuthHeader -->
</testsuite> <!-- com.rest.api.authentication.AuthApis -->
