<?xml version="1.0" encoding="UTF-8"?>
<!-- Generated by org.testng.reporters.JUnitReportReporter -->
<testsuite hostname="DESKTOP-R0GNJAC" failures="0" tests="1" name="com.rest.api.authentication.AuthApis" time="3.480" errors="0" timestamp="07 Oct 2021 18:04:14 GMT" skipped="0">
  <testcase classname="com.rest.api.authentication.AuthApis" name="OAuth2_API_Test" time="3.480"/>
</testsuite> <!-- com.rest.api.authentication.AuthApis -->
