<?xml version="1.0" encoding="UTF-8"?>
<!-- Generated by org.testng.reporters.JUnitReportReporter -->
<testsuite hostname="DESKTOP-R0GNJAC" failures="0" tests="1" name="com.rest.api.authentication.AuthApis" time="2.783" errors="0" timestamp="06 Oct 2021 19:40:07 GMT" skipped="0">
  <testcase classname="com.rest.api.authentication.AuthApis" name="OAuth_API_WithTwoQueryParams_API_Test" time="2.783"/>
</testsuite> <!-- com.rest.api.authentication.AuthApis -->
