<?xml version="1.0" encoding="UTF-8"?>
<!-- Generated by org.testng.reporters.JUnitReportReporter -->
<testsuite hostname="DESKTOP-R0GNJAC" failures="0" tests="1" name="com.rest.api.schema.CheckSchemaTest" time="3.385" errors="0" timestamp="16 Oct 2021 17:50:53 GMT" skipped="0">
  <testcase classname="com.rest.api.schema.CheckSchemaTest" name="get_user_API_Schema_Test" time="3.385"/>
</testsuite> <!-- com.rest.api.schema.CheckSchemaTest -->
