<?xml version="1.0" encoding="UTF-8"?>
<!-- Generated by org.testng.reporters.JUnitReportReporter -->
<testsuite hostname="DESKTOP-R0GNJAC" failures="0" tests="1" name="com.rest.api.delete.DELETEAPITest" time="2.750" errors="0" timestamp="18 Oct 2021 19:28:05 GMT" skipped="0">
  <testcase classname="com.rest.api.delete.DELETEAPITest" name="delete_user_API_Test" time="2.750"/>
</testsuite> <!-- com.rest.api.delete.DELETEAPITest -->
