<?xml version="1.0" encoding="UTF-8"?>
<!-- Generated by org.testng.reporters.JUnitReportReporter -->
<testsuite hostname="DESKTOP-R0GNJAC" failures="0" tests="2" name="com.rest.api.get.OAuth2APITest" time="4.860" errors="0" timestamp="12 Aug 2021 15:51:06 GMT" skipped="1">
  <testcase classname="com.rest.api.get.OAuth2APITest" name="getAuth2TokenAPITest" time="4.860"/>
  <testcase classname="com.rest.api.get.OAuth2APITest" name="checkOAuth2_APITest">
    <skipped/>
  </testcase> <!-- checkOAuth2_APITest -->
</testsuite> <!-- com.rest.api.get.OAuth2APITest -->
