<?xml version="1.0" encoding="UTF-8"?>
<!-- Generated by org.testng.reporters.JUnitReportReporter -->
<testsuite hostname="DESKTOP-R0GNJAC" failures="0" tests="1" name="com.rest.api.post.POSTAPIWithPOJO" time="4.072" errors="0" timestamp="16 Oct 2021 18:55:48 GMT" skipped="0">
  <testcase classname="com.rest.api.post.POSTAPIWithPOJO" name="createUser_With_Pojo_Test" time="4.072"/>
</testsuite> <!-- com.rest.api.post.POSTAPIWithPOJO -->
