<?xml version="1.0" encoding="UTF-8"?>
<!-- Generated by org.testng.reporters.JUnitReportReporter -->
<testsuite hostname="DESKTOP-R0GNJAC" failures="0" tests="1" name="com.rest.api.authentication.OAuth1APITest" time="2.929" errors="0" timestamp="07 Oct 2021 19:30:43 GMT" skipped="0">
  <testcase classname="com.rest.api.authentication.OAuth1APITest" name="TwitterStatusAPI_OAuth1_Test" time="2.929"/>
</testsuite> <!-- com.rest.api.authentication.OAuth1APITest -->
