<?xml version="1.0" encoding="UTF-8"?>
<!-- Generated by org.testng.reporters.JUnitReportReporter -->
<testsuite hostname="DESKTOP-R0GNJAC" failures="0" tests="1" name="com.rest.api.post.POSTAPIBDD" time="4.316" errors="0" timestamp="16 Oct 2021 14:10:35 GMT" skipped="0">
  <testcase classname="com.rest.api.post.POSTAPIBDD" name="createUser_Post_API_File_Test" time="4.316"/>
</testsuite> <!-- com.rest.api.post.POSTAPIBDD -->
