<?xml version="1.0" encoding="UTF-8"?>
<!-- Generated by org.testng.reporters.JUnitReportReporter -->
<testsuite hostname="DESKTOP-R0GNJAC" failures="0" tests="1" name="com.rest.api.put.PUTAPITest" time="4.803" errors="0" timestamp="18 Oct 2021 19:10:20 GMT" skipped="0">
  <testcase classname="com.rest.api.put.PUTAPITest" name="update_User_PUT_API_Test" time="4.803"/>
</testsuite> <!-- com.rest.api.put.PUTAPITest -->
