<?xml version="1.0" encoding="UTF-8"?>
<!-- Generated by org.testng.reporters.JUnitReportReporter -->
<testsuite hostname="DESKTOP-R0GNJAC" failures="0" tests="1" name="com.rest.api.get.OAuth2APITest" time="4.725" errors="0" timestamp="07 Oct 2021 18:26:57 GMT" skipped="0">
  <testcase classname="com.rest.api.get.OAuth2APITest" name="getAuth2TokenAPITest" time="4.725"/>
</testsuite> <!-- com.rest.api.get.OAuth2APITest -->
