<?xml version="1.0" encoding="UTF-8"?>
<!-- Generated by org.testng.reporters.JUnitReportReporter -->
<testsuite hostname="DESKTOP-R0GNJAC" failures="0" tests="1" name="com.rest.api.get.GETNONBDDAPI" time="3.493" errors="0" timestamp="19 Oct 2021 17:40:00 GMT" skipped="0">
  <testcase classname="com.rest.api.get.GETNONBDDAPI" name="getUser_Non_BDD_WithQueryParam_Test" time="3.493"/>
</testsuite> <!-- com.rest.api.get.GETNONBDDAPI -->
